<?xml version="1.0" encoding="UTF-8"?>
<!-- Generated by org.testng.reporters.JUnitReportReporter -->
<testsuite hostname="Chethan" failures="0" tests="1" name="sdet21_ParametersAndAuthentication.BasicAuth" time="3.464" errors="0" timestamp="30 Oct 2021 07:13:36 GMT" skipped="0">
  <testcase classname="sdet21_ParametersAndAuthentication.BasicAuth" name="basicAuth" time="3.464"/>
</testsuite> <!-- sdet21_ParametersAndAuthentication.BasicAuth -->
