<?xml version="1.0" encoding="UTF-8"?>
<!-- Generated by org.testng.reporters.JUnitReportReporter -->
<testsuite hostname="Chethan" failures="0" tests="1" name="sdet21.EndToEnd.CreateNewProjectAndVerifyInDatabase" time="3.154" errors="0" timestamp="2021-10-30T23:27:43 IST" skipped="0">
  <testcase classname="sdet21.EndToEnd.CreateNewProjectAndVerifyInDatabase" name="createProjectAndVerifyInDB" time="3.154"/>
  <system-out/>
</testsuite> <!-- sdet21.EndToEnd.CreateNewProjectAndVerifyInDatabase -->
