<?xml version="1.0" encoding="UTF-8"?>
<!-- Generated by org.testng.reporters.JUnitReportReporter -->
<testsuite hostname="Chethan" failures="0" tests="1" name="sdet21_ParametersAndAuthentication.BearerToken" time="3.744" errors="0" timestamp="30 Oct 2021 07:17:20 GMT" skipped="0">
  <testcase classname="sdet21_ParametersAndAuthentication.BearerToken" name="bearerToken" time="3.744"/>
</testsuite> <!-- sdet21_ParametersAndAuthentication.BearerToken -->
