<?xml version="1.0" encoding="UTF-8"?>
<!-- Generated by org.testng.reporters.JUnitReportReporter -->
<testsuite hostname="Chethan" failures="0" tests="1" name="sdet21.ComplexResponseValidation.DynamicResponse" time="2.514" errors="0" timestamp="2021-10-30T23:44:41 IST" skipped="0">
  <testcase classname="sdet21.ComplexResponseValidation.DynamicResponse" name="dynamicResponse" time="2.514"/>
  <system-out/>
</testsuite> <!-- sdet21.ComplexResponseValidation.DynamicResponse -->
