<?xml version="1.0" encoding="UTF-8"?>
<!-- Generated by org.testng.reporters.JUnitReportReporter -->
<testsuite hostname="Chethan" failures="0" tests="1" name="sdet21.ParametersAndAuthentication.RequestChaining_Get" time="3.111" errors="0" timestamp="2021-10-30T23:31:49 IST" skipped="0">
  <testcase classname="sdet21.ParametersAndAuthentication.RequestChaining_Get" name="RequestChainingForGet" time="3.111"/>
  <system-out/>
</testsuite> <!-- sdet21.ParametersAndAuthentication.RequestChaining_Get -->
